<?xml version="1.0" encoding="UTF-8"?>
<!-- Generated by org.testng.reporters.JUnitReportReporter -->
<testsuite hostname="DESKTOP-D1CPNFA" failures="0" tests="1" name="com.seleniumautomation.StepDefinition.TestNextGeneration" time="0.002" errors="0" timestamp="2021-01-08T17:52:16 IST" skipped="0">
  <testcase classname="com.seleniumautomation.StepDefinition.TestNextGeneration" name="verifyHomepageTitle" time="0.002"/>
  <system-out/>
</testsuite> <!-- com.seleniumautomation.StepDefinition.TestNextGeneration -->
